<?xml version="1.0" encoding="UTF-8"?>
<testsuite name="com.whiteandreetto.prototypes.simplebus.MessageFlowIntegrationTest" tests="1" skipped="0" failures="0" errors="0" timestamp="2014-08-07T13:43:32" hostname="Angelos-MacBook-Air.local" time="10.761">
  <properties/>
  <testcase name="testSomething" classname="com.whiteandreetto.prototypes.simplebus.MessageFlowIntegrationTest" time="10.761"/>
  <system-out><![CDATA[TEST 15:43:33.907 INFO  c.w.p.simplebus.dbevents.ContextStartEventHandler - ----------------------------------------
TEST 15:43:33.921 INFO  c.w.p.simplebus.dbevents.ContextStartEventHandler - ---------------INITIALIZED--------------
TEST 15:43:33.921 INFO  c.w.p.simplebus.dbevents.ContextStartEventHandler - ----------------------------------------
TEST 15:43:33.921 INFO  c.w.p.simplebus.dbevents.DBListenerHandler - Begin listening to DB event
TEST 15:43:33.929 INFO  c.w.prototypes.simplebus.dbevents.DBListener - Cursor @11
TEST 15:43:33.943 INFO  c.w.prototypes.simplebus.AbstractIntegrationTest - @Before
TEST 15:43:33.966 INFO  c.w.p.s.interceptor.OutboundMessageInterceptor - Saved message #1407419013955 on channel: messageExitStoreChannel
TEST 15:43:33.966 INFO  c.w.prototypes.simplebus.dbevents.DBListener - Cursor @12
TEST 15:43:33.969 INFO  c.w.p.s.interceptor.OutboundMessageInterceptor - Saved message #1407419013968 on channel: messageExitStoreChannel
TEST 15:43:33.969 INFO  c.w.prototypes.simplebus.dbevents.DBListener - Cursor @13
TEST 15:43:33.972 INFO  c.w.p.s.interceptor.OutboundMessageInterceptor - Saved message #1407419013971 on channel: messageExitStoreChannel
TEST 15:43:33.972 INFO  c.w.prototypes.simplebus.dbevents.DBListener - Cursor @14
TEST 15:43:33.974 INFO  c.w.p.s.interceptor.OutboundMessageInterceptor - Saved message #1407419013973 on channel: messageExitStoreChannel
TEST 15:43:33.975 INFO  c.w.prototypes.simplebus.dbevents.DBListener - Cursor @15
TEST 15:43:33.978 INFO  c.w.p.s.interceptor.OutboundMessageInterceptor - Saved message #1407419013976 on channel: messageExitStoreChannel
TEST 15:43:33.978 INFO  c.w.prototypes.simplebus.dbevents.DBListener - Cursor @16
TEST 15:43:33.982 INFO  c.w.p.s.interceptor.OutboundMessageInterceptor - Saved message #1407419013980 on channel: messageExitStoreChannel
TEST 15:43:33.982 INFO  c.w.prototypes.simplebus.dbevents.DBListener - Cursor @17
TEST 15:43:33.984 INFO  c.w.p.s.interceptor.OutboundMessageInterceptor - Saved message #1407419013983 on channel: messageExitStoreChannel
TEST 15:43:33.984 INFO  c.w.prototypes.simplebus.dbevents.DBListener - Cursor @18
TEST 15:43:33.987 INFO  c.w.p.s.interceptor.OutboundMessageInterceptor - Saved message #1407419013986 on channel: messageExitStoreChannel
TEST 15:43:33.988 INFO  c.w.prototypes.simplebus.dbevents.DBListener - Cursor @19
TEST 15:43:33.990 INFO  c.w.p.s.interceptor.OutboundMessageInterceptor - Saved message #1407419013988 on channel: messageExitStoreChannel
TEST 15:43:33.990 INFO  c.w.prototypes.simplebus.dbevents.DBListener - Cursor @20
TEST 15:43:33.993 INFO  c.w.p.s.interceptor.OutboundMessageInterceptor - Saved message #1407419013991 on channel: messageExitStoreChannel
TEST 15:43:34.333 INFO  c.w.p.s.interceptor.InboundMessageInterceptor - Saved message #0 on channel: messageEntryStoreChannel
TEST 15:43:34.401 INFO  c.w.prototypes.simplebus.dbevents.DBListener - Cursor @0
TEST 15:43:34.404 INFO  c.w.p.s.interceptor.OutboundMessageInterceptor - Saved message #1407419014403 on channel: messageExitStoreChannel
TEST 15:43:34.479 INFO  c.w.p.s.interceptor.InboundMessageInterceptor - Saved message #1 on channel: messageEntryStoreChannel
TEST 15:43:34.480 INFO  c.w.prototypes.simplebus.dbevents.DBListener - Cursor @1
TEST 15:43:34.483 INFO  c.w.p.s.interceptor.OutboundMessageInterceptor - Saved message #1407419014482 on channel: messageExitStoreChannel
TEST 15:43:34.904 INFO  c.w.p.s.interceptor.InboundMessageInterceptor - Saved message #2 on channel: messageEntryStoreChannel
TEST 15:43:34.905 INFO  c.w.prototypes.simplebus.dbevents.DBListener - Cursor @2
TEST 15:43:34.907 INFO  c.w.p.s.interceptor.OutboundMessageInterceptor - Saved message #1407419014906 on channel: messageExitStoreChannel
TEST 15:43:35.300 INFO  c.w.p.s.interceptor.InboundMessageInterceptor - Saved message #3 on channel: messageEntryStoreChannel
TEST 15:43:35.300 INFO  c.w.prototypes.simplebus.dbevents.DBListener - Cursor @3
TEST 15:43:35.302 INFO  c.w.p.s.interceptor.OutboundMessageInterceptor - Saved message #1407419015301 on channel: messageExitStoreChannel
TEST 15:43:35.723 INFO  c.w.p.s.interceptor.InboundMessageInterceptor - Saved message #4 on channel: messageEntryStoreChannel
TEST 15:43:35.724 INFO  c.w.prototypes.simplebus.dbevents.DBListener - Cursor @4
TEST 15:43:35.727 INFO  c.w.p.s.interceptor.OutboundMessageInterceptor - Saved message #1407419015726 on channel: messageExitStoreChannel
TEST 15:43:35.960 INFO  c.w.p.s.interceptor.InboundMessageInterceptor - Saved message #5 on channel: messageEntryStoreChannel
TEST 15:43:35.960 INFO  c.w.prototypes.simplebus.dbevents.DBListener - Cursor @5
TEST 15:43:35.964 INFO  c.w.p.s.interceptor.OutboundMessageInterceptor - Saved message #1407419015962 on channel: messageExitStoreChannel
TEST 15:43:36.670 INFO  c.w.p.s.interceptor.InboundMessageInterceptor - Saved message #6 on channel: messageEntryStoreChannel
TEST 15:43:36.672 INFO  c.w.prototypes.simplebus.dbevents.DBListener - Cursor @6
TEST 15:43:36.675 INFO  c.w.p.s.interceptor.OutboundMessageInterceptor - Saved message #1407419016674 on channel: messageExitStoreChannel
TEST 15:43:37.123 INFO  c.w.p.s.interceptor.InboundMessageInterceptor - Saved message #7 on channel: messageEntryStoreChannel
TEST 15:43:37.125 INFO  c.w.prototypes.simplebus.dbevents.DBListener - Cursor @7
TEST 15:43:37.127 INFO  c.w.p.s.interceptor.OutboundMessageInterceptor - Saved message #1407419017126 on channel: messageExitStoreChannel
TEST 15:43:37.204 INFO  c.w.p.s.interceptor.InboundMessageInterceptor - Saved message #8 on channel: messageEntryStoreChannel
TEST 15:43:37.205 INFO  c.w.prototypes.simplebus.dbevents.DBListener - Cursor @8
TEST 15:43:37.208 INFO  c.w.p.s.interceptor.OutboundMessageInterceptor - Saved message #1407419017206 on channel: messageExitStoreChannel
TEST 15:43:37.802 INFO  c.w.p.s.interceptor.InboundMessageInterceptor - Saved message #9 on channel: messageEntryStoreChannel
TEST 15:43:37.802 INFO  c.w.prototypes.simplebus.dbevents.DBListener - Cursor @9
TEST 15:43:37.804 INFO  c.w.p.s.interceptor.OutboundMessageInterceptor - Saved message #1407419017803 on channel: messageExitStoreChannel
TEST 15:43:38.091 INFO  c.w.p.s.interceptor.InboundMessageInterceptor - Saved message #10 on channel: messageEntryStoreChannel
TEST 15:43:38.093 INFO  c.w.prototypes.simplebus.dbevents.DBListener - Cursor @10
TEST 15:43:38.095 INFO  c.w.p.s.interceptor.OutboundMessageInterceptor - Saved message #1407419018094 on channel: messageExitStoreChannel
TEST 15:43:38.949 INFO  c.w.p.s.interceptor.InboundMessageInterceptor - Saved message #11 on channel: messageEntryStoreChannel
TEST 15:43:38.950 INFO  c.w.prototypes.simplebus.dbevents.DBListener - Cursor @11
TEST 15:43:38.950 WARN  c.w.prototypes.simplebus.dbevents.DBListener - duplicate id found: 11
TEST 15:43:38.953 INFO  c.w.p.s.interceptor.OutboundMessageInterceptor - Saved message #1407419018951 on channel: messageExitStoreChannel
TEST 15:43:39.379 INFO  c.w.p.s.interceptor.InboundMessageInterceptor - Saved message #12 on channel: messageEntryStoreChannel
TEST 15:43:39.380 INFO  c.w.prototypes.simplebus.dbevents.DBListener - Cursor @12
TEST 15:43:39.380 WARN  c.w.prototypes.simplebus.dbevents.DBListener - duplicate id found: 12
TEST 15:43:39.383 INFO  c.w.p.s.interceptor.OutboundMessageInterceptor - Saved message #1407419019382 on channel: messageExitStoreChannel
TEST 15:43:39.891 INFO  c.w.p.s.interceptor.InboundMessageInterceptor - Saved message #13 on channel: messageEntryStoreChannel
TEST 15:43:39.892 INFO  c.w.prototypes.simplebus.dbevents.DBListener - Cursor @13
TEST 15:43:39.892 WARN  c.w.prototypes.simplebus.dbevents.DBListener - duplicate id found: 13
TEST 15:43:39.894 INFO  c.w.p.s.interceptor.OutboundMessageInterceptor - Saved message #1407419019893 on channel: messageExitStoreChannel
TEST 15:43:40.166 INFO  c.w.p.s.interceptor.InboundMessageInterceptor - Saved message #14 on channel: messageEntryStoreChannel
TEST 15:43:40.169 INFO  c.w.prototypes.simplebus.dbevents.DBListener - Cursor @14
TEST 15:43:40.169 WARN  c.w.prototypes.simplebus.dbevents.DBListener - duplicate id found: 14
TEST 15:43:40.172 INFO  c.w.p.s.interceptor.OutboundMessageInterceptor - Saved message #1407419020170 on channel: messageExitStoreChannel
TEST 15:43:40.766 INFO  c.w.p.s.interceptor.InboundMessageInterceptor - Saved message #15 on channel: messageEntryStoreChannel
TEST 15:43:40.767 INFO  c.w.prototypes.simplebus.dbevents.DBListener - Cursor @15
TEST 15:43:40.767 WARN  c.w.prototypes.simplebus.dbevents.DBListener - duplicate id found: 15
TEST 15:43:40.769 INFO  c.w.p.s.interceptor.OutboundMessageInterceptor - Saved message #1407419020768 on channel: messageExitStoreChannel
TEST 15:43:41.036 INFO  c.w.p.s.interceptor.InboundMessageInterceptor - Saved message #16 on channel: messageEntryStoreChannel
TEST 15:43:41.038 INFO  c.w.prototypes.simplebus.dbevents.DBListener - Cursor @16
TEST 15:43:41.039 WARN  c.w.prototypes.simplebus.dbevents.DBListener - duplicate id found: 16
TEST 15:43:41.041 INFO  c.w.p.s.interceptor.OutboundMessageInterceptor - Saved message #1407419021040 on channel: messageExitStoreChannel
TEST 15:43:41.556 INFO  c.w.p.s.interceptor.InboundMessageInterceptor - Saved message #17 on channel: messageEntryStoreChannel
TEST 15:43:41.558 INFO  c.w.prototypes.simplebus.dbevents.DBListener - Cursor @17
TEST 15:43:41.559 WARN  c.w.prototypes.simplebus.dbevents.DBListener - duplicate id found: 17
TEST 15:43:41.561 INFO  c.w.p.s.interceptor.OutboundMessageInterceptor - Saved message #1407419021560 on channel: messageExitStoreChannel
TEST 15:43:42.271 INFO  c.w.p.s.interceptor.InboundMessageInterceptor - Saved message #18 on channel: messageEntryStoreChannel
TEST 15:43:42.272 INFO  c.w.prototypes.simplebus.dbevents.DBListener - Cursor @18
TEST 15:43:42.272 WARN  c.w.prototypes.simplebus.dbevents.DBListener - duplicate id found: 18
TEST 15:43:42.276 INFO  c.w.p.s.interceptor.OutboundMessageInterceptor - Saved message #1407419022274 on channel: messageExitStoreChannel
TEST 15:43:42.666 INFO  c.w.p.s.interceptor.InboundMessageInterceptor - Saved message #19 on channel: messageEntryStoreChannel
TEST 15:43:42.668 INFO  c.w.prototypes.simplebus.dbevents.DBListener - Cursor @19
TEST 15:43:42.668 WARN  c.w.prototypes.simplebus.dbevents.DBListener - duplicate id found: 19
TEST 15:43:42.671 INFO  c.w.p.s.interceptor.OutboundMessageInterceptor - Saved message #1407419022670 on channel: messageExitStoreChannel
TEST 15:43:43.231 INFO  c.w.prototypes.simplebus.dbevents.DBListener - Cursor @20
TEST 15:43:43.231 INFO  c.w.p.s.interceptor.InboundMessageInterceptor - Saved message #20 on channel: messageEntryStoreChannel
TEST 15:43:43.231 WARN  c.w.prototypes.simplebus.dbevents.DBListener - duplicate id found: 20
TEST 15:43:43.232 INFO  c.w.prototypes.simplebus.AbstractIntegrationTest - @After
]]></system-out>
  <system-err><![CDATA[]]></system-err>
</testsuite>
